[2026-01-27 00:17:00.000] [NEEDS_ACTION] [INFO] TASK_203 created - Advanced Multi-Agent Performance & Security Analysis
[2026-01-27 00:18:00.000] [PLANNING] [INFO] Execution plan created - 5-phase strategy for 5 concurrent agents
[2026-01-27 00:19:00.000] [AWAITING_APPROVAL] [INFO] Plan submitted for Gold-level approval
[2026-01-27 00:20:00.000] [AWAITING_APPROVAL] [INFO] User approval received - proceeding with execution
[2026-01-27 00:20:00.100] [IN_PROGRESS] [INFO] TASK_203 transitioned to IN_PROGRESS
[2026-01-27 00:20:00.200] [IN_PROGRESS] [INFO] Created Working_Gold/TASK_203/ directory structure
[2026-01-27 00:20:00.300] [IN_PROGRESS] [INFO] Beginning Phase 1: Pre-Execution Preparation
[2026-01-27 00:20:00.400] [IN_PROGRESS] [INFO] Phase 1 Complete - System ready for 5-agent spawn
[2026-01-27 00:20:00.500] [IN_PROGRESS] [INFO] Beginning Phase 2: Concurrent Agent Spawn (5 agents)
[2026-01-27 00:20:00.600] [IN_PROGRESS] [INFO] Spawning Agent A (Performance & Optimization) - Very Thorough
[2026-01-27 00:20:00.700] [IN_PROGRESS] [INFO] Spawning Agent B (Security & Compliance) - Very Thorough
[2026-01-27 00:20:00.800] [IN_PROGRESS] [INFO] Spawning Agent C (Testing Coverage) - Medium
[2026-01-27 00:20:00.900] [IN_PROGRESS] [INFO] Spawning Agent D (Dependency Audit) - Medium
[2026-01-27 00:20:01.000] [IN_PROGRESS] [INFO] Spawning Agent E (Code Quality) - Medium
[2026-01-27 00:20:01.100] [IN_PROGRESS] [INFO] All 5 agents spawning in parallel (single message)
[2026-01-27 21:35:00.000] [IN_PROGRESS] [INFO] Phase 2 Complete - All 5 agents completed successfully (250KB+ output)
[2026-01-27 21:35:00.100] [IN_PROGRESS] [INFO] Beginning Phase 3: Cross-Agent Synthesis
[2026-01-27 21:40:00.000] [IN_PROGRESS] [INFO] Analyzed all 5 agent reports
[2026-01-27 21:45:00.000] [IN_PROGRESS] [INFO] Identified 10 cross-domain patterns (target: 8+)
[2026-01-27 21:50:00.000] [IN_PROGRESS] [INFO] Created integrated priority matrix with 24 actions
[2026-01-27 21:52:00.000] [IN_PROGRESS] [INFO] Calculated enterprise readiness progression (72→92/100)
[2026-01-27 21:52:00.100] [IN_PROGRESS] [INFO] Phase 3 Complete - Cross-agent synthesis document created
[2026-01-27 21:52:00.200] [IN_PROGRESS] [INFO] Beginning Phase 4: Executive Report Generation
[2026-01-27 22:10:00.000] [IN_PROGRESS] [INFO] Generated comprehensive executive report (30KB+)
[2026-01-27 22:10:00.100] [IN_PROGRESS] [INFO] Executive report saved to Outputs_Gold/advanced_system_analysis.md
[2026-01-27 22:10:00.200] [IN_PROGRESS] [INFO] Phase 4 Complete - Executive report finalized
[2026-01-27 22:10:00.300] [IN_PROGRESS] [INFO] Beginning Phase 5: Completion & Archive
[2026-01-27 22:12:00.000] [IN_PROGRESS] [INFO] Updating execution log with completion entries
