[2026-01-14 17:11:39.000] [NEEDS_ACTION] [INFO] TASK_101 created: Research Autonomous Agent Workflow Best Practices
[2026-01-14 17:11:39.000] [NEEDS_ACTION] [INFO] Task added to TASKS_Silver.md with NEEDS_ACTION status
[2026-01-14 17:11:39.000] [NEEDS_ACTION] [INFO] Task specification file created at Needs_Action_Silver/TASK_101.md
[2026-01-14 17:11:39.000] [NEEDS_ACTION] [INFO] Silver-level task - will demonstrate web research capabilities
[2026-01-14 17:11:39.000] [NEEDS_ACTION] [INFO] Task type: Research & Documentation
[2026-01-14 17:12:00.100] [PLANNING] [INFO] State transition: NEEDS_ACTION → PLANNING
[2026-01-14 17:12:00.100] [PLANNING] [INFO] Task requires planning for web research execution
[2026-01-14 17:12:00.100] [PLANNING] [INFO] Creating execution plan in Planning_Silver/Active/
[2026-01-14 17:12:15.200] [PLANNING] [INFO] Plan created at Planning_Silver/Active/TASK_101_PLAN.md
[2026-01-14 17:12:15.200] [PLANNING] [INFO] Plan includes 41 steps for research and documentation
[2026-01-14 17:12:30.300] [PLANNING] [INFO] Plan approved and moved to Planning_Silver/Approved/
[2026-01-14 17:12:30.300] [PLANNING] [INFO] Plan demonstrates Silver-level research capabilities
[2026-01-14 17:12:45.400] [IN_PROGRESS] [INFO] State transition: PLANNING → IN_PROGRESS
[2026-01-14 17:12:45.400] [IN_PROGRESS] [INFO] Beginning task execution (web research phase)
[2026-01-14 17:12:45.400] [IN_PROGRESS] [INFO] Creating Working_Silver/TASK_101/ workspace
[2026-01-14 17:13:00.500] [IN_PROGRESS] [INFO] Workspace created successfully
[2026-01-14 17:13:15.600] [IN_PROGRESS] [INFO] Conducting WebSearch: autonomous agent workflow best practices
[2026-01-14 17:13:45.700] [IN_PROGRESS] [INFO] WebSearch completed - 10 sources found
[2026-01-14 17:14:00.800] [IN_PROGRESS] [INFO] Conducting WebSearch: state machine design patterns error handling
[2026-01-14 17:14:30.900] [IN_PROGRESS] [INFO] WebSearch completed - 10 additional sources found
[2026-01-14 17:14:45.000] [IN_PROGRESS] [INFO] Conducting WebSearch: human-in-the-loop approval workflows audit trails
[2026-01-14 17:15:15.100] [IN_PROGRESS] [INFO] WebSearch completed - 10 additional sources found
[2026-01-14 17:15:30.200] [IN_PROGRESS] [INFO] Total sources gathered: 30+ (11 cited in final document)
[2026-01-14 17:15:45.300] [IN_PROGRESS] [INFO] Synthesizing information from multiple sources
[2026-01-14 17:20:00.400] [IN_PROGRESS] [INFO] Creating final deliverable document
[2026-01-14 17:25:30.500] [IN_PROGRESS] [INFO] Document complete: autonomous_agent_best_practices.md (15KB)
[2026-01-14 17:25:30.500] [IN_PROGRESS] [INFO] Document saved to Outputs_Silver/
[2026-01-14 17:25:30.500] [IN_PROGRESS] [INFO] Document includes: executive summary, 10 sections, 15 best practices, 11 sources
[2026-01-14 17:26:00.600] [COMPLETED] [INFO] State transition: IN_PROGRESS → COMPLETED
[2026-01-14 17:26:00.600] [COMPLETED] [INFO] Task completed successfully
[2026-01-14 17:26:00.600] [COMPLETED] [INFO] Duration: 14m 0s (within estimate)
[2026-01-14 17:26:30.700] [COMPLETED] [INFO] Completion report created at Logs_Silver/Completions/TASK_101_COMPLETION.md
[2026-01-14 17:27:00.800] [COMPLETED] [INFO] Archiving to Archive_Silver/Completed/TASK_101/
[2026-01-14 17:27:00.800] [COMPLETED] [INFO] Copied execution_log.log to archive
[2026-01-14 17:27:00.800] [COMPLETED] [INFO] Copied completion_report.md to archive
[2026-01-14 17:27:00.800] [COMPLETED] [INFO] Copied plan.md to archive
[2026-01-14 17:27:00.800] [COMPLETED] [INFO] Copied autonomous_agent_best_practices.md to archive
[2026-01-14 17:27:15.900] [COMPLETED] [INFO] Archival complete - all materials preserved
[2026-01-14 17:27:15.900] [COMPLETED] [INFO] First Silver-level task completed successfully!
