[2026-01-14 21:06:27.000] [NEEDS_ACTION] [INFO] TASK_102 created: AI Employee Vault Architecture Analysis & Documentation
[2026-01-14 21:06:27.000] [NEEDS_ACTION] [INFO] Task added to TASKS_Silver.md with NEEDS_ACTION status
[2026-01-14 21:06:27.000] [NEEDS_ACTION] [INFO] Task specification file created at Needs_Action_Silver/TASK_102.md
[2026-01-14 21:06:27.000] [NEEDS_ACTION] [INFO] Silver-level task - will demonstrate agent orchestration
[2026-01-14 21:06:27.000] [NEEDS_ACTION] [INFO] Task type: Analysis & Documentation with Explore agent
[2026-01-14 21:06:45.100] [PLANNING] [INFO] State transition: NEEDS_ACTION → PLANNING
[2026-01-14 21:06:45.100] [PLANNING] [INFO] Creating execution plan for agent orchestration task
[2026-01-14 21:07:00.200] [PLANNING] [INFO] Plan created at Planning_Silver/Active/TASK_102_PLAN.md
[2026-01-14 21:07:15.300] [PLANNING] [INFO] Plan approved and moved to Planning_Silver/Approved/
[2026-01-14 21:07:30.400] [IN_PROGRESS] [INFO] State transition: PLANNING → IN_PROGRESS
[2026-01-14 21:07:30.400] [IN_PROGRESS] [INFO] Beginning agent orchestration task
[2026-01-14 21:07:45.500] [IN_PROGRESS] [INFO] Spawning Explore agent with "very thorough" level
[2026-01-14 21:07:45.500] [IN_PROGRESS] [INFO] Agent task: Analyze AI Employee Vault codebase architecture
[2026-01-14 21:08:00.600] [IN_PROGRESS] [INFO] Explore agent spawned successfully
[2026-01-14 21:08:00.600] [IN_PROGRESS] [INFO] Agent analyzing codebase structure, core documents, completed tasks
[2026-01-14 21:18:30.700] [IN_PROGRESS] [INFO] Explore agent completed analysis (10m 30s execution)
[2026-01-14 21:18:30.700] [IN_PROGRESS] [INFO] Agent findings: Comprehensive architecture report received
[2026-01-14 21:18:30.700] [IN_PROGRESS] [INFO] Findings include: multi-level structure, task patterns, metrics, recommendations
[2026-01-14 21:19:00.800] [IN_PROGRESS] [INFO] Creating final architecture document from agent findings
[2026-01-14 21:19:15.900] [IN_PROGRESS] [INFO] Document created: Outputs_Silver/architecture_analysis.md (28KB)
[2026-01-14 21:19:15.900] [IN_PROGRESS] [INFO] Document sections: Executive summary, multi-level analysis, tasks, folders, workflows, patterns, metrics, diagram, recommendations
[2026-01-14 21:19:30.000] [IN_PROGRESS] [INFO] Task deliverable complete - all requirements met
[2026-01-14 21:19:30.000] [IN_PROGRESS] [INFO] State transition: IN_PROGRESS → COMPLETED
[2026-01-14 21:19:30.000] [COMPLETED] [INFO] TASK_102 COMPLETED successfully
[2026-01-14 21:19:30.000] [COMPLETED] [INFO] Duration: 12m 0s (within 18-28 minute estimate)
[2026-01-14 21:19:30.000] [COMPLETED] [INFO] Agent orchestration demonstrated successfully
