[2026-01-14 01:27:49.000] [NEEDS_ACTION] [INFO] TASK_001 created: Create timestamped hello world file
[2026-01-14 01:27:49.000] [NEEDS_ACTION] [INFO] Task added to TASKS.md with NEEDS_ACTION status
[2026-01-14 01:30:52.011] [IN_PROGRESS] [INFO] State transition: NEEDS_ACTION → IN_PROGRESS
[2026-01-14 01:30:52.011] [IN_PROGRESS] [INFO] Updated TASKS.md with Started timestamp: 2026-01-14 01:30:52
[2026-01-14 01:30:52.011] [IN_PROGRESS] [INFO] Updated STATUS.md - System State: WORKING
[2026-01-14 01:30:52.011] [IN_PROGRESS] [INFO] Created workspace directory: Working/TASK_001/
[2026-01-14 01:30:52.011] [IN_PROGRESS] [INFO] Created subdirectories: workspace/, temp/, outputs/
[2026-01-14 01:30:52.011] [IN_PROGRESS] [INFO] Created PROGRESS.md in Working/TASK_001/
[2026-01-14 01:30:52.011] [IN_PROGRESS] [INFO] Created CHECKPOINTS.md in Working/TASK_001/
[2026-01-14 01:30:52.011] [IN_PROGRESS] [INFO] Created execution log (this file)
[2026-01-14 01:30:52.011] [IN_PROGRESS] [INFO] CHECKPOINT_001 created - Ready to execute task logic
[2026-01-14 01:32:58.889] [IN_PROGRESS] [INFO] Executing main task logic - creating hello world file
[2026-01-14 01:32:58.889] [IN_PROGRESS] [INFO] Created hello_world.txt in Working/TASK_001/outputs/
[2026-01-14 01:32:58.889] [IN_PROGRESS] [INFO] File content: timestamp 2026-01-14 01:32:58.889, TASK_001 identifier
[2026-01-14 01:33:45.123] [IN_PROGRESS] [INFO] Copied deliverable to Outputs/hello_world.txt
[2026-01-14 01:35:21.250] [COMPLETED] [INFO] State transition: IN_PROGRESS → COMPLETED
[2026-01-14 01:35:21.250] [COMPLETED] [INFO] Updated TASKS.md with COMPLETED status
[2026-01-14 01:35:21.250] [COMPLETED] [INFO] Created completion report at Logs/Completions/TASK_001_COMPLETION.md
[2026-01-14 01:36:15.500] [COMPLETED] [INFO] Post-completion validation started
[2026-01-14 01:36:15.500] [COMPLETED] [INFO] ✓ Deliverable verified at Outputs/hello_world.txt
[2026-01-14 01:36:15.500] [COMPLETED] [INFO] ✓ Execution log complete
[2026-01-14 01:36:15.500] [COMPLETED] [INFO] ✓ Completion report complete
[2026-01-14 01:36:15.500] [COMPLETED] [INFO] Post-completion validation: PASSED
