[2026-01-14 01:52:54.048] [NEEDS_ACTION] [INFO] TASK_002 created: Demonstrate approval workflow (AWAITING_APPROVAL → DONE)
[2026-01-14 01:52:54.048] [NEEDS_ACTION] [INFO] Task added to TASKS.md with NEEDS_ACTION status
[2026-01-14 01:53:53.940] [AWAITING_APPROVAL] [INFO] State transition: NEEDS_ACTION → AWAITING_APPROVAL
[2026-01-14 01:53:53.940] [AWAITING_APPROVAL] [INFO] Task requires pre-execution approval before proceeding
[2026-01-14 01:53:53.940] [AWAITING_APPROVAL] [INFO] Updated TASKS.md with AWAITING_APPROVAL status and Started timestamp
[2026-01-14 01:53:53.940] [AWAITING_APPROVAL] [INFO] Preparing approval request for human operator
[2026-01-14 01:53:53.940] [AWAITING_APPROVAL] [INFO] Created approval request: APPROVAL_20260114015353_TASK_002
[2026-01-14 01:53:53.940] [AWAITING_APPROVAL] [INFO] Approval request written to Approvals/PENDING_APPROVALS.md
[2026-01-14 01:53:53.940] [AWAITING_APPROVAL] [INFO] Timeout set to 1 hour (3600 seconds)
[2026-01-14 01:53:53.940] [AWAITING_APPROVAL] [INFO] Priority: MEDIUM
[2026-01-14 01:55:12.456] [AWAITING_APPROVAL] [INFO] Approval granted by Human Operator
[2026-01-14 01:55:12.456] [AWAITING_APPROVAL] [INFO] Approval record created at Approvals/Granted/TASK_002_APPROVAL.md
[2026-01-14 01:55:12.456] [AWAITING_APPROVAL] [INFO] Approval valid until 2026-01-14 02:55:12
[2026-01-14 01:55:12.456] [AWAITING_APPROVAL] [INFO] Updated PENDING_APPROVALS.md - moved to Recently Processed
[2026-01-14 01:57:06.536] [AWAITING_APPROVAL] [INFO] Starting approval validation protocol
[2026-01-14 01:57:06.536] [AWAITING_APPROVAL] [INFO] ✓ Approval record exists at Approvals/Granted/TASK_002_APPROVAL.md
[2026-01-14 01:57:06.536] [AWAITING_APPROVAL] [INFO] ✓ Approval status = GRANTED
[2026-01-14 01:57:06.536] [AWAITING_APPROVAL] [INFO] ✓ Approval not expired (valid until 2026-01-14 02:55:12)
[2026-01-14 01:57:06.536] [AWAITING_APPROVAL] [INFO] ✓ Approver authorized (Human Operator)
[2026-01-14 01:57:06.536] [AWAITING_APPROVAL] [INFO] Approval validation: PASSED
[2026-01-14 01:57:06.536] [IN_PROGRESS] [INFO] State transition: AWAITING_APPROVAL → IN_PROGRESS
[2026-01-14 01:57:06.536] [IN_PROGRESS] [INFO] Created workspace directory: Working/TASK_002/
[2026-01-14 01:57:06.536] [IN_PROGRESS] [INFO] Created subdirectories: workspace/, temp/, outputs/
[2026-01-14 01:57:06.536] [IN_PROGRESS] [INFO] Created PROGRESS.md in Working/TASK_002/
[2026-01-14 01:57:06.536] [IN_PROGRESS] [INFO] Created CHECKPOINTS.md in Working/TASK_002/
[2026-01-14 01:57:06.536] [IN_PROGRESS] [INFO] CHECKPOINT_003 created - Ready to execute task logic
[2026-01-14 01:58:35.789] [IN_PROGRESS] [INFO] Executing main task logic - creating approval demonstration file
[2026-01-14 01:58:35.789] [IN_PROGRESS] [INFO] Created approval_demo.txt in Working/TASK_002/outputs/
[2026-01-14 01:58:35.789] [IN_PROGRESS] [INFO] File content: approval workflow demonstration with complete state transitions
[2026-01-14 02:00:45.123] [IN_PROGRESS] [INFO] Copied deliverable to Outputs/approval_demo.txt
[2026-01-14 02:01:30.000] [COMPLETED] [INFO] State transition: IN_PROGRESS → COMPLETED
[2026-01-14 02:01:30.000] [COMPLETED] [INFO] Updated TASKS.md with COMPLETED status
[2026-01-14 02:01:30.000] [COMPLETED] [INFO] Created completion report at Logs/Completions/TASK_002_COMPLETION.md
[2026-01-14 02:03:10.500] [COMPLETED] [INFO] Post-completion validation started
[2026-01-14 02:03:10.500] [COMPLETED] [INFO] ✓ Deliverable verified at Outputs/approval_demo.txt
[2026-01-14 02:03:10.500] [COMPLETED] [INFO] ✓ Completion report verified
[2026-01-14 02:03:10.500] [COMPLETED] [INFO] ✓ Approval record verified
[2026-01-14 02:03:10.500] [COMPLETED] [INFO] Post-completion validation: PASSED
[2026-01-14 02:04:15.100] [COMPLETED] [INFO] Archival process started
[2026-01-14 02:04:15.100] [COMPLETED] [INFO] Created Archive/Completed/TASK_002/ directory
[2026-01-14 02:04:15.100] [COMPLETED] [INFO] Archived execution_log.log
[2026-01-14 02:04:15.100] [COMPLETED] [INFO] Archived completion_report.md
[2026-01-14 02:04:15.100] [COMPLETED] [INFO] Archived artifacts/approval_demo.txt
[2026-01-14 02:04:15.100] [COMPLETED] [INFO] Archived progress.md and checkpoints.md
[2026-01-14 02:04:15.100] [COMPLETED] [INFO] Archived approvals/TASK_002_APPROVAL.md
[2026-01-14 02:04:15.100] [COMPLETED] [INFO] Archival complete - all materials preserved
[2026-01-14 02:07:02.567] [DONE] [INFO] State transition: COMPLETED → DONE
[2026-01-14 02:07:02.567] [DONE] [INFO] Updated TASKS.md - moved to Completed Tasks section
[2026-01-14 02:07:02.567] [DONE] [INFO] Updated STATUS.md - System State: IDLE
[2026-01-14 02:07:02.567] [DONE] [INFO] Task lifecycle complete: NEEDS_ACTION → AWAITING_APPROVAL → IN_PROGRESS → COMPLETED → DONE
[2026-01-14 02:07:02.567] [DONE] [INFO] Total duration: 13 minutes 9 seconds
[2026-01-14 02:07:02.567] [DONE] [INFO] Approval workflow successfully demonstrated - Phase 2 functionality validated
