# TASK_213 EXECUTION LOG
# Platinum Tier Implementation
# Started: 2026-02-04

## Phase 1: Directory Structure
- Created Platinum/ with 20+ subdirectories
- Needs_Action/, Pending_Approval/, In_Progress/, Plans/ (4 domains each)
- Updates/, Signals/, Done/, Logs/, src/, tests/
- STATUS: COMPLETE

## Phase 2: Reusable Platinum Skills (5 Modules)
- vault_sync.py (~160 lines) - Git-based vault synchronization
- draft_manager.py (~180 lines) - Draft creation & approval workflow
- claim_manager.py (~140 lines) - Claim-by-move task ownership
- agent_heartbeat.py (~100 lines) - Agent health monitoring
- secret_guard.py (~80 lines) - Secret boundary enforcement
- __init__.py - Package exports
- STATUS: COMPLETE

## Phase 3: Agent Implementations
- cloud_agent.py (~200 lines) - Always-on Cloud Agent
- local_agent.py (~200 lines) - Local Executive Agent
- STATUS: COMPLETE

## Phase 4: Database Models
- Added PlatinumTask model to database.py
- Added AgentStatus model to database.py
- Added PlatinumAuditLog model to database.py
- STATUS: COMPLETE

## Phase 5: API Endpoints
- Created platinum_router.py (10 endpoints)
- Mounted in main.py via app.include_router()
- Added watchdog to requirements.txt
- STATUS: COMPLETE

## Phase 6: Demo Workflow
- Created demo.py - 7-step email triage demonstration
- Section 10.6 gate verified
- STATUS: COMPLETE

## Phase 7: Tests
- test_platinum_skills.py - 47 unit tests (ALL PASS)
- test_demo.py - 7 integration tests (ALL PASS)
- Total: 54 tests passing
- Coverage: 79% on skills modules
- STATUS: COMPLETE

## Phase 8: SKILLS.md Update
- Added 5 Platinum skills with full API reference
- Updated version to 2.0
- Updated skill count from 8 to 13
- STATUS: COMPLETE

## Phase 9: Constitutional Compliance
- TASKS_Gold.md: Added TASK_213 entry
- STATUS_Gold.md: Updated with Platinum deployment
- CHANGELOG.md: Added v3.1.0 entry
- DASHBOARD_Gold.md: Updated task count to 13, added ADR-008
- Platinum/TASKS_Platinum.md: Created
- Platinum/STATUS_Platinum.md: Created
- Platinum/DASHBOARD_Platinum.md: Created
- Platinum/ERRORS_Platinum.md: Created
- STATUS: COMPLETE

## Summary
- All 9 phases complete
- 54/54 tests passing
- 5 reusable skills documented in SKILLS.md
- 2 agent implementations
- 10 API endpoints
- 3 database models
- Full Constitutional compliance
