[2026-01-14 02:32:58.712] [NEEDS_ACTION] [INFO] TASK_004 created: Demonstrate FAILED state handling
[2026-01-14 02:32:58.712] [NEEDS_ACTION] [INFO] Task added to TASKS.md with NEEDS_ACTION status
[2026-01-14 02:32:58.712] [NEEDS_ACTION] [INFO] Task specification file created at Needs_Action/TASK_004.md
[2026-01-14 02:32:58.712] [NEEDS_ACTION] [INFO] This task will intentionally fail to demonstrate FAILED state handling
[2026-01-14 02:33:15.200] [PLANNING] [INFO] State transition: NEEDS_ACTION → PLANNING
[2026-01-14 02:33:15.200] [PLANNING] [INFO] Task requires planning before execution
[2026-01-14 02:33:15.200] [PLANNING] [INFO] Creating plan that explicitly acknowledges intentional failure scenario
[2026-01-14 02:33:30.500] [PLANNING] [INFO] Plan created at Planning/Active/TASK_004_PLAN.md
[2026-01-14 02:33:30.500] [PLANNING] [INFO] Plan includes 30 steps for intentional failure demonstration
[2026-01-14 02:34:00.100] [PLANNING] [INFO] Plan approved and moved to Planning/Approved/
[2026-01-14 02:34:00.100] [PLANNING] [INFO] Plan explicitly warns about intentional failure scenario
[2026-01-14 02:34:20.300] [IN_PROGRESS] [INFO] State transition: PLANNING → IN_PROGRESS
[2026-01-14 02:34:20.300] [IN_PROGRESS] [INFO] Beginning task execution (intentional failure scenario)
[2026-01-14 02:34:20.300] [IN_PROGRESS] [INFO] Created Working/TASK_004/ workspace
[2026-01-14 02:34:35.100] [IN_PROGRESS] [INFO] Created PROGRESS.md and CHECKPOINTS.md
[2026-01-14 02:34:35.100] [IN_PROGRESS] [INFO] Workspace ready for execution
[2026-01-14 02:34:50.200] [IN_PROGRESS] [INFO] Beginning simulated file processing operation
[2026-01-14 02:34:50.200] [IN_PROGRESS] [INFO] Processing data validation checks...
[2026-01-14 02:35:05.400] [IN_PROGRESS] [ERROR] Data corruption detected during processing
[2026-01-14 02:35:05.400] [IN_PROGRESS] [ERROR] Validation checksum mismatch: expected 0xABCD1234, got 0x00000000
[2026-01-14 02:35:05.400] [IN_PROGRESS] [CRITICAL] Critical validation failure - data integrity compromised
[2026-01-14 02:35:05.400] [IN_PROGRESS] [CRITICAL] Error assessed as NON-RECOVERABLE
[2026-01-14 02:35:05.400] [IN_PROGRESS] [CRITICAL] Unable to proceed with task execution
[2026-01-14 02:35:05.400] [IN_PROGRESS] [CRITICAL] Initiating FAILED state transition
[2026-01-14 02:35:15.600] [FAILED] [CRITICAL] State transition: IN_PROGRESS → FAILED
[2026-01-14 02:35:15.600] [FAILED] [CRITICAL] Logged critical error to ERRORS.md as ERROR_002
[2026-01-14 02:35:15.600] [FAILED] [INFO] Task has failed due to non-recoverable data corruption
[2026-01-14 02:35:15.600] [FAILED] [INFO] Beginning failure handling procedures per TASK_IMPLEMENTATION_SPEC.md Section 7.3
[2026-01-14 02:35:30.800] [FAILED] [INFO] Created comprehensive failure report at Logs/Failures/TASK_004_FAILURE.md
[2026-01-14 02:35:45.200] [FAILED] [INFO] Beginning archival to Archive/Failed/TASK_004/
[2026-01-14 02:35:45.200] [FAILED] [INFO] Copied execution_log.log to archive
[2026-01-14 02:35:45.200] [FAILED] [INFO] Copied failure_report.md to archive
[2026-01-14 02:35:45.200] [FAILED] [INFO] Copied plan.md to archive
[2026-01-14 02:35:45.200] [FAILED] [INFO] Copied progress.md to archive
[2026-01-14 02:35:45.200] [FAILED] [INFO] Copied checkpoints.md to archive
[2026-01-14 02:36:00.100] [FAILED] [INFO] Archival complete - all materials preserved in Archive/Failed/TASK_004/
[2026-01-14 02:36:15.300] [FAILED] [INFO] Updated TASKS.md - moved TASK_004 to Failed Tasks section
[2026-01-14 02:36:15.300] [FAILED] [INFO] Task duration: 2m 5s (02:33:15 to 02:35:20)
[2026-01-14 02:36:15.300] [FAILED] [INFO] Updated STATUS.md - system returning to IDLE state
[2026-01-14 02:36:30.500] [FAILED] [INFO] Task lifecycle complete: NEEDS_ACTION → PLANNING → IN_PROGRESS → FAILED
[2026-01-14 02:36:30.500] [FAILED] [INFO] FAILED state successfully demonstrated per TASK_IMPLEMENTATION_SPEC.md Section 7.3
[2026-01-14 02:36:30.500] [FAILED] [INFO] System ready for next task
